Flow report for RISC_processor
Wed Mar 11 12:07:06 2020
Quartus II 64-Bit Version 13.0.1 Build 232 06/12/2013 Service Pack 1 SJ Web Edition


---------------------
; Table of Contents ;
---------------------
  1. Legal Notice
  2. Flow Summary
  3. Flow Settings
  4. Flow Non-Default Global Settings
  5. Flow Elapsed Time
  6. Flow OS Summary
  7. Flow Log
  8. Flow Messages
  9. Flow Suppressed Messages



----------------
; Legal Notice ;
----------------
Copyright (C) 1991-2013 Altera Corporation
Your use of Altera Corporation's design tools, logic functions 
and other software and tools, and its AMPP partner logic 
functions, and any output files from any of the foregoing 
(including device programming or simulation files), and any 
associated documentation or information are expressly subject 
to the terms and conditions of the Altera Program License 
Subscription Agreement, Altera MegaCore Function License 
Agreement, or other applicable license agreement, including, 
without limitation, that your use is for the sole purpose of 
programming logic devices manufactured by Altera and sold by 
Altera or its authorized distributors.  Please refer to the 
applicable agreement for further details.



+--------------------------------------------------------------------------------------+
; Flow Summary                                                                         ;
+------------------------------------+-------------------------------------------------+
; Flow Status                        ; Successful - Wed Mar 11 12:07:06 2020           ;
; Quartus II 64-Bit Version          ; 13.0.1 Build 232 06/12/2013 SP 1 SJ Web Edition ;
; Revision Name                      ; RISC_processor                                  ;
; Top-level Entity Name              ; top                                             ;
; Family                             ; Cyclone IV E                                    ;
; Device                             ; EP4CE115F29C7                                   ;
; Timing Models                      ; Final                                           ;
; Total logic elements               ; 813 / 114,480 ( < 1 % )                         ;
;     Total combinational functions  ; 642 / 114,480 ( < 1 % )                         ;
;     Dedicated logic registers      ; 262 / 114,480 ( < 1 % )                         ;
; Total registers                    ; 262                                             ;
; Total pins                         ; 48 / 529 ( 9 % )                                ;
; Total virtual pins                 ; 0                                               ;
; Total memory bits                  ; 15,360 / 3,981,312 ( < 1 % )                    ;
; Embedded Multiplier 9-bit elements ; 0 / 532 ( 0 % )                                 ;
; Total PLLs                         ; 0 / 4 ( 0 % )                                   ;
+------------------------------------+-------------------------------------------------+


+-----------------------------------------+
; Flow Settings                           ;
+-------------------+---------------------+
; Option            ; Setting             ;
+-------------------+---------------------+
; Start date & time ; 03/11/2020 12:05:41 ;
; Main task         ; Compilation         ;
; Revision Name     ; RISC_processor      ;
+-------------------+---------------------+


+----------------------------------------------------------------------------------------------------------------------+
; Flow Non-Default Global Settings                                                                                     ;
+-------------------------------------+--------------------------------+----------------+-------------+----------------+
; Assignment Name                     ; Value                          ; Default Value  ; Entity Name ; Section Id     ;
+-------------------------------------+--------------------------------+----------------+-------------+----------------+
; COMPILER_SIGNATURE_ID               ; 57277343987105.158394274004228 ; --             ; --          ; --             ;
; EDA_OUTPUT_DATA_FORMAT              ; Vhdl                           ; --             ; --          ; eda_simulation ;
; EDA_SIMULATION_TOOL                 ; ModelSim-Altera (VHDL)         ; <None>         ; --          ; --             ;
; IP_TOOL_NAME                        ; RAM: 1-PORT                    ; --             ; --          ; --             ;
; IP_TOOL_NAME                        ; ROM: 1-PORT                    ; --             ; --          ; --             ;
; IP_TOOL_VERSION                     ; 13.0                           ; --             ; --          ; --             ;
; IP_TOOL_VERSION                     ; 13.0                           ; --             ; --          ; --             ;
; MAX_CORE_JUNCTION_TEMP              ; 85                             ; --             ; --          ; --             ;
; MIN_CORE_JUNCTION_TEMP              ; 0                              ; --             ; --          ; --             ;
; MISC_FILE                           ; myData_memory.bsf              ; --             ; --          ; --             ;
; MISC_FILE                           ; myData_memory_inst.vhd         ; --             ; --          ; --             ;
; MISC_FILE                           ; myData_memory.inc              ; --             ; --          ; --             ;
; MISC_FILE                           ; myData_memory.cmp              ; --             ; --          ; --             ;
; MISC_FILE                           ; myInstruction_memory.bsf       ; --             ; --          ; --             ;
; MISC_FILE                           ; myInstruction_memory_inst.vhd  ; --             ; --          ; --             ;
; MISC_FILE                           ; myInstruction_memory.inc       ; --             ; --          ; --             ;
; MISC_FILE                           ; myInstruction_memory.cmp       ; --             ; --          ; --             ;
; PARTITION_COLOR                     ; 16764057                       ; --             ; top         ; Top            ;
; PARTITION_FITTER_PRESERVATION_LEVEL ; PLACEMENT_AND_ROUTING          ; --             ; top         ; Top            ;
; PARTITION_NETLIST_TYPE              ; SOURCE                         ; --             ; top         ; Top            ;
; PROJECT_OUTPUT_DIRECTORY            ; output_files                   ; --             ; --          ; --             ;
; TOP_LEVEL_ENTITY                    ; top                            ; RISC_processor ; --          ; --             ;
+-------------------------------------+--------------------------------+----------------+-------------+----------------+


+-------------------------------------------------------------------------------------------------------------------------------+
; Flow Elapsed Time                                                                                                             ;
+---------------------------+--------------+-------------------------+---------------------+------------------------------------+
; Module Name               ; Elapsed Time ; Average Processors Used ; Peak Virtual Memory ; Total CPU Time (on all processors) ;
+---------------------------+--------------+-------------------------+---------------------+------------------------------------+
; Analysis & Synthesis      ; 00:00:18     ; 1.0                     ; 551 MB              ; 00:00:11                           ;
; Fitter                    ; 00:00:30     ; 1.0                     ; 1061 MB             ; 00:00:24                           ;
; Assembler                 ; 00:00:08     ; 1.0                     ; 453 MB              ; 00:00:06                           ;
; TimeQuest Timing Analyzer ; 00:00:09     ; 1.0                     ; 571 MB              ; 00:00:06                           ;
; EDA Netlist Writer        ; 00:00:04     ; 1.0                     ; 425 MB              ; 00:00:03                           ;
; Total                     ; 00:01:09     ; --                      ; --                  ; 00:00:50                           ;
+---------------------------+--------------+-------------------------+---------------------+------------------------------------+


+----------------------------------------------------------------------------------------+
; Flow OS Summary                                                                        ;
+---------------------------+------------------+-----------+------------+----------------+
; Module Name               ; Machine Hostname ; OS Name   ; OS Version ; Processor type ;
+---------------------------+------------------+-----------+------------+----------------+
; Analysis & Synthesis      ; 1850-B402S027    ; Windows 7 ; 6.1        ; x86_64         ;
; Fitter                    ; 1850-B402S027    ; Windows 7 ; 6.1        ; x86_64         ;
; Assembler                 ; 1850-B402S027    ; Windows 7 ; 6.1        ; x86_64         ;
; TimeQuest Timing Analyzer ; 1850-B402S027    ; Windows 7 ; 6.1        ; x86_64         ;
; EDA Netlist Writer        ; 1850-B402S027    ; Windows 7 ; 6.1        ; x86_64         ;
+---------------------------+------------------+-----------+------------+----------------+


------------
; Flow Log ;
------------
quartus_map --read_settings_files=on --write_settings_files=off RISC_processor -c RISC_processor
quartus_fit --read_settings_files=off --write_settings_files=off RISC_processor -c RISC_processor
quartus_asm --read_settings_files=off --write_settings_files=off RISC_processor -c RISC_processor
quartus_sta RISC_processor -c RISC_processor
quartus_eda --read_settings_files=off --write_settings_files=off RISC_processor -c RISC_processor



